<?xml version="1.0" encoding="UTF-8"?>
<testng-results skipped="0" failed="1" total="2" passed="1">
  <reporter-output>
  </reporter-output>
  <suite name="Tests" duration-ms="32942" started-at="2011-11-15T16:23:48Z" finished-at="2011-11-15T16:24:21Z">
    <groups>
    </groups>
    <test name="Test1" duration-ms="32942" started-at="2011-11-15T16:23:48Z" finished-at="2011-11-15T16:24:21Z">
      <class name="com.selenium2.pages.HomePageTest">
        <test-method status="PASS" signature="init()[pri:0, instance:com.selenium2.pages.HomePageTest@f2a55aa]" name="init" is-config="true" duration-ms="969" started-at="2011-11-15T16:23:48Z" finished-at="2011-11-15T16:23:49Z">
        </test-method>
        <test-method status="PASS" signature="testInit(java.lang.String)[pri:0, instance:com.selenium2.pages.HomePageTest@f2a55aa]" name="testInit" is-config="true" duration-ms="1499" started-at="2011-11-15T16:23:49Z" finished-at="2011-11-15T16:23:51Z">
          <params>
            <param index="0">
              <value>
                <![CDATA[/]]>
              </value>
            </param>
          </params>
        </test-method>
        <test-method status="PASS" signature="test2()[pri:0, instance:com.selenium2.pages.HomePageTest@f2a55aa]" name="test2" duration-ms="2" started-at="2011-11-15T16:23:51Z" finished-at="2011-11-15T16:23:51Z">
        </test-method>
        <test-method status="FAIL" signature="testH1Existing()[pri:0, instance:com.selenium2.pages.HomePageTest@f2a55aa]" name="testH1Existing" duration-ms="30449" started-at="2011-11-15T16:23:51Z" finished-at="2011-11-15T16:24:21Z">
          <exception class="org.openqa.selenium.NoSuchElementException">
            <message>
              <![CDATA[Unable to locate element
For documentation on this error, please visit: http://seleniumhq.org/exceptions/no_such_element.html
Build info: version: '14666', revision: 'unknown', time: '2011-11-10 19:22:03'
System info: os.name: 'Mac OS X', os.arch: 'x86_64', os.version: '10.7.2', java.version: '1.6.0_26'
Driver info: driver.version: RemoteWebDriver]]>
            </message>
            <full-stacktrace>
              <![CDATA[org.openqa.selenium.NoSuchElementException: Unable to locate element
For documentation on this error, please visit: http://seleniumhq.org/exceptions/no_such_element.html
Build info: version: '14666', revision: 'unknown', time: '2011-11-10 19:22:03'
System info: os.name: 'Mac OS X', os.arch: 'x86_64', os.version: '10.7.2', java.version: '1.6.0_26'
Driver info: driver.version: RemoteWebDriver
	at sun.reflect.NativeConstructorAccessorImpl.newInstance0(Native Method)
	at sun.reflect.NativeConstructorAccessorImpl.newInstance(NativeConstructorAccessorImpl.java:39)
	at sun.reflect.DelegatingConstructorAccessorImpl.newInstance(DelegatingConstructorAccessorImpl.java:27)
	at java.lang.reflect.Constructor.newInstance(Constructor.java:513)
	at org.openqa.selenium.remote.ErrorHandler.createThrowable(ErrorHandler.java:131)
	at org.openqa.selenium.remote.ErrorHandler.throwIfResponseFailed(ErrorHandler.java:105)
	at org.openqa.selenium.remote.RemoteWebDriver.execute(RemoteWebDriver.java:405)
	at org.openqa.selenium.remote.RemoteWebDriver.findElement(RemoteWebDriver.java:193)
	at org.openqa.selenium.remote.RemoteWebDriver.findElementByTagName(RemoteWebDriver.java:234)
	at org.openqa.selenium.By$ByTagName.findElement(By.java:314)
	at org.openqa.selenium.remote.RemoteWebDriver.findElement(RemoteWebDriver.java:185)
	at org.openqa.selenium.support.pagefactory.DefaultElementLocator.findElement(DefaultElementLocator.java:60)
	at org.openqa.selenium.support.pagefactory.internal.LocatingElementHandler.invoke(LocatingElementHandler.java:35)
	at $Proxy10.getText(Unknown Source)
	at com.selenium2.pages.HomePage.getH1(HomePage.java:27)
	at com.selenium2.pages.HomePageTest.testH1Existing(HomePageTest.java:24)
	at sun.reflect.NativeMethodAccessorImpl.invoke0(Native Method)
	at sun.reflect.NativeMethodAccessorImpl.invoke(NativeMethodAccessorImpl.java:39)
	at sun.reflect.DelegatingMethodAccessorImpl.invoke(DelegatingMethodAccessorImpl.java:25)
	at java.lang.reflect.Method.invoke(Method.java:597)
	at org.testng.internal.MethodInvocationHelper.invokeMethod(MethodInvocationHelper.java:80)
	at org.testng.internal.Invoker.invokeMethod(Invoker.java:691)
	at org.testng.internal.Invoker.invokeTestMethod(Invoker.java:883)
	at org.testng.internal.Invoker.invokeTestMethods(Invoker.java:1208)
	at org.testng.internal.TestMethodWorker.invokeTestMethods(TestMethodWorker.java:127)
	at org.testng.internal.TestMethodWorker.run(TestMethodWorker.java:111)
	at org.testng.TestRunner.privateRun(TestRunner.java:753)
	at org.testng.TestRunner.run(TestRunner.java:613)
	at org.testng.SuiteRunner.runTest(SuiteRunner.java:334)
	at org.testng.SuiteRunner.runSequentially(SuiteRunner.java:329)
	at org.testng.SuiteRunner.privateRun(SuiteRunner.java:291)
	at org.testng.SuiteRunner.run(SuiteRunner.java:240)
	at org.testng.SuiteRunnerWorker.runSuite(SuiteRunnerWorker.java:52)
	at org.testng.SuiteRunnerWorker.run(SuiteRunnerWorker.java:86)
	at org.testng.TestNG.runSuitesSequentially(TestNG.java:1137)
	at org.testng.TestNG.runSuitesLocally(TestNG.java:1062)
	at org.testng.TestNG.run(TestNG.java:974)
	at org.apache.maven.surefire.testng.TestNGExecutor.run(TestNGExecutor.java:72)
	at org.apache.maven.surefire.testng.TestNGXmlTestSuite.execute(TestNGXmlTestSuite.java:88)
	at org.apache.maven.surefire.testng.TestNGProvider.invoke(TestNGProvider.java:101)
	at sun.reflect.NativeMethodAccessorImpl.invoke0(Native Method)
	at sun.reflect.NativeMethodAccessorImpl.invoke(NativeMethodAccessorImpl.java:39)
	at sun.reflect.DelegatingMethodAccessorImpl.invoke(DelegatingMethodAccessorImpl.java:25)
	at java.lang.reflect.Method.invoke(Method.java:597)
	at org.apache.maven.surefire.booter.ProviderFactory$ClassLoaderProxy.invoke(ProviderFactory.java:103)
	at $Proxy0.invoke(Unknown Source)
	at org.apache.maven.surefire.booter.SurefireStarter.invokeProvider(SurefireStarter.java:150)
	at org.apache.maven.surefire.booter.SurefireStarter.runSuitesInProcess(SurefireStarter.java:91)
	at org.apache.maven.surefire.booter.ForkedBooter.main(ForkedBooter.java:69)
Caused by: org.openqa.selenium.remote.ErrorHandler$UnknownServerException: Unable to locate element
Build info: version: '14666', revision: 'unknown', time: '2011-11-10 19:22:03'
System info: os.name: 'Mac OS X', os.arch: 'x86_64', os.version: '10.7.2', java.version: '1.6.0_26'
Driver info: driver.version: unknown
]]>
            </full-stacktrace>
          </exception>
        </test-method>
        <test-method status="PASS" signature="tearDown()[pri:0, instance:com.selenium2.pages.HomePageTest@f2a55aa]" name="tearDown" is-config="true" duration-ms="210" started-at="2011-11-15T16:24:21Z" finished-at="2011-11-15T16:24:22Z">
        </test-method>
      </class>
    </test>
  </suite>
</testng-results>
